Flow report for miner
Tue Jun 19 22:24:55 2018
Quartus Prime Version 18.0.0 Build 614 04/24/2018 SJ Lite Edition


---------------------
; Table of Contents ;
---------------------
  1. Legal Notice
  2. Flow Summary
  3. Flow Settings
  4. Flow Non-Default Global Settings
  5. Flow Elapsed Time
  6. Flow OS Summary
  7. Flow Log
  8. Flow Messages
  9. Flow Suppressed Messages



----------------
; Legal Notice ;
----------------
Copyright (C) 2018  Intel Corporation. All rights reserved.
Your use of Intel Corporation's design tools, logic functions 
and other software and tools, and its AMPP partner logic 
functions, and any output files from any of the foregoing 
(including device programming or simulation files), and any 
associated documentation or information are expressly subject 
to the terms and conditions of the Intel Program License 
Subscription Agreement, the Intel Quartus Prime License Agreement,
the Intel FPGA IP License Agreement, or other applicable license
agreement, including, without limitation, that your use is for
the sole purpose of programming logic devices manufactured by
Intel and sold by Intel or its authorized distributors.  Please
refer to the applicable agreement for further details.



+----------------------------------------------------------------------------------+
; Flow Summary                                                                     ;
+------------------------------------+---------------------------------------------+
; Flow Status                        ; Successful - Tue Jun 19 22:24:55 2018       ;
; Quartus Prime Version              ; 18.0.0 Build 614 04/24/2018 SJ Lite Edition ;
; Revision Name                      ; miner                                       ;
; Top-level Entity Name              ; miner                                       ;
; Family                             ; Cyclone IV E                                ;
; Device                             ; EP4CE22F17C6                                ;
; Timing Models                      ; Final                                       ;
; Total logic elements               ; 5,328 / 22,320 ( 24 % )                     ;
;     Total combinational functions  ; 5,047 / 22,320 ( 23 % )                     ;
;     Dedicated logic registers      ; 2,541 / 22,320 ( 11 % )                     ;
; Total registers                    ; 2541                                        ;
; Total pins                         ; 12 / 154 ( 8 % )                            ;
; Total virtual pins                 ; 0                                           ;
; Total memory bits                  ; 0 / 608,256 ( 0 % )                         ;
; Embedded Multiplier 9-bit elements ; 56 / 132 ( 42 % )                           ;
; Total PLLs                         ; 0 / 4 ( 0 % )                               ;
+------------------------------------+---------------------------------------------+


+-----------------------------------------+
; Flow Settings                           ;
+-------------------+---------------------+
; Option            ; Setting             ;
+-------------------+---------------------+
; Start date & time ; 06/19/2018 22:23:46 ;
; Main task         ; Compilation         ;
; Revision Name     ; miner               ;
+-------------------+---------------------+


+------------------------------------------------------------------------------------------------------------------------------+
; Flow Non-Default Global Settings                                                                                             ;
+--------------------------------------+----------------------------------------+---------------+-------------+----------------+
; Assignment Name                      ; Value                                  ; Default Value ; Entity Name ; Section Id     ;
+--------------------------------------+----------------------------------------+---------------+-------------+----------------+
; COMPILER_SIGNATURE_ID                ; 128454786064912.152945782625251        ; --            ; --          ; --             ;
; EDA_DESIGN_INSTANCE_NAME             ; NA                                     ; --            ; --          ; tb_miner       ;
; EDA_DESIGN_INSTANCE_NAME             ; NA                                     ; --            ; --          ; tb_sha256      ;
; EDA_DESIGN_INSTANCE_NAME             ; NA                                     ; --            ; --          ; tb_miner_core  ;
; EDA_NATIVELINK_SIMULATION_TEST_BENCH ; tb_miner_core                          ; --            ; --          ; eda_simulation ;
; EDA_OUTPUT_DATA_FORMAT               ; Vhdl                                   ; --            ; --          ; eda_simulation ;
; EDA_SIMULATION_TOOL                  ; ModelSim-Altera (VHDL)                 ; <None>        ; --          ; --             ;
; EDA_TEST_BENCH_ENABLE_STATUS         ; TEST_BENCH_MODE                        ; --            ; --          ; eda_simulation ;
; EDA_TEST_BENCH_FILE                  ; tb/tb_miner.v                          ; --            ; --          ; tb_miner       ;
; EDA_TEST_BENCH_FILE                  ; sha2/tb/tb_sha256.v                    ; --            ; --          ; tb_sha256      ;
; EDA_TEST_BENCH_FILE                  ; sha2/tb/tb_sha256_core.v               ; --            ; --          ; tb_sha256      ;
; EDA_TEST_BENCH_FILE                  ; sha2/tb/tb_sha256_stream.v             ; --            ; --          ; tb_sha256      ;
; EDA_TEST_BENCH_FILE                  ; sha2/tb/tb_sha256_w_mem.v              ; --            ; --          ; tb_sha256      ;
; EDA_TEST_BENCH_FILE                  ; tb/tb_miner_core.v                     ; --            ; --          ; tb_miner_core  ;
; EDA_TEST_BENCH_MODULE_NAME           ; tb_miner                               ; --            ; --          ; tb_miner       ;
; EDA_TEST_BENCH_MODULE_NAME           ; tb_sha256                              ; --            ; --          ; tb_sha256      ;
; EDA_TEST_BENCH_MODULE_NAME           ; tb_miner_core                          ; --            ; --          ; tb_miner_core  ;
; EDA_TEST_BENCH_NAME                  ; tb_sha256                              ; --            ; --          ; eda_simulation ;
; EDA_TEST_BENCH_NAME                  ; tb_miner                               ; --            ; --          ; eda_simulation ;
; EDA_TEST_BENCH_NAME                  ; tb_miner_core                          ; --            ; --          ; eda_simulation ;
; MAX_CORE_JUNCTION_TEMP               ; 85                                     ; --            ; --          ; --             ;
; MIN_CORE_JUNCTION_TEMP               ; 0                                      ; --            ; --          ; --             ;
; PARTITION_COLOR                      ; -- (Not supported for targeted family) ; --            ; --          ; Top            ;
; PARTITION_FITTER_PRESERVATION_LEVEL  ; -- (Not supported for targeted family) ; --            ; --          ; Top            ;
; PARTITION_NETLIST_TYPE               ; -- (Not supported for targeted family) ; --            ; --          ; Top            ;
; POWER_BOARD_THERMAL_MODEL            ; None (CONSERVATIVE)                    ; --            ; --          ; --             ;
; POWER_PRESET_COOLING_SOLUTION        ; 23 MM HEAT SINK WITH 200 LFPM AIRFLOW  ; --            ; --          ; --             ;
; PROJECT_OUTPUT_DIRECTORY             ; output_files                           ; --            ; --          ; --             ;
; VERILOG_INPUT_VERSION                ; SystemVerilog_2005                     ; Verilog_2001  ; --          ; --             ;
; VERILOG_SHOW_LMF_MAPPING_MESSAGES    ; Off                                    ; --            ; --          ; --             ;
+--------------------------------------+----------------------------------------+---------------+-------------+----------------+


+--------------------------------------------------------------------------------------------------------------------------+
; Flow Elapsed Time                                                                                                        ;
+----------------------+--------------+-------------------------+---------------------+------------------------------------+
; Module Name          ; Elapsed Time ; Average Processors Used ; Peak Virtual Memory ; Total CPU Time (on all processors) ;
+----------------------+--------------+-------------------------+---------------------+------------------------------------+
; Analysis & Synthesis ; 00:00:17     ; 1.0                     ; 1032 MB             ; 00:00:29                           ;
; Fitter               ; 00:00:39     ; 1.1                     ; 1725 MB             ; 00:01:27                           ;
; Assembler            ; 00:00:01     ; 1.0                     ; 833 MB              ; 00:00:01                           ;
; Timing Analyzer      ; 00:00:04     ; 1.3                     ; 945 MB              ; 00:00:05                           ;
; EDA Netlist Writer   ; 00:00:05     ; 1.0                     ; 1104 MB             ; 00:00:04                           ;
; Total                ; 00:01:06     ; --                      ; --                  ; 00:02:06                           ;
+----------------------+--------------+-------------------------+---------------------+------------------------------------+


+------------------------------------------------------------------------------------+
; Flow OS Summary                                                                    ;
+----------------------+------------------+------------+------------+----------------+
; Module Name          ; Machine Hostname ; OS Name    ; OS Version ; Processor type ;
+----------------------+------------------+------------+------------+----------------+
; Analysis & Synthesis ; igloo            ; Arch Linux ; Arch Linux ; x86_64         ;
; Fitter               ; igloo            ; Arch Linux ; Arch Linux ; x86_64         ;
; Assembler            ; igloo            ; Arch Linux ; Arch Linux ; x86_64         ;
; Timing Analyzer      ; igloo            ; Arch Linux ; Arch Linux ; x86_64         ;
; EDA Netlist Writer   ; igloo            ; Arch Linux ; Arch Linux ; x86_64         ;
+----------------------+------------------+------------+------------+----------------+


------------
; Flow Log ;
------------
quartus_map --read_settings_files=on --write_settings_files=off miner -c miner
quartus_fit --read_settings_files=off --write_settings_files=off miner -c miner
quartus_asm --read_settings_files=off --write_settings_files=off miner -c miner
quartus_sta miner -c miner
quartus_eda --read_settings_files=off --write_settings_files=off miner -c miner



